# JRE version: OpenJDK Runtime Environment Microsoft-8035246 (17.0.8+7) (build 17.0.8+7-LTS)
# Java VM: OpenJDK 64-Bit Server VM Microsoft-8035246 (17.0.8+7-LTS, mixed mode, sharing, tiered, compressed oops, compressed class ptrs, g1 gc, windows-amd64)
GC Precious Log:
 CPUs: 8 total, 8 available
 Memory: 16302M
 Large Page Support: Disabled
 NUMA Support: Disabled
 Compressed Oops: Enabled (32-bit)
 Heap Region Size: 1M
 Heap Min Capacity: 8M
 Heap Initial Capacity: 256M
 Heap Max Capacity: 2G
 Pre-touch: Disabled
 Parallel Workers: 8
 Concurrent Workers: 2
 Concurrent Refinement Workers: 8
 Periodic GC: Disabled
Heap:
 garbage-first heap   total 277504K, used 194732K [0x0000000080000000, 0x0000000100000000)
  region size 1024K, 9 young (9216K), 3 survivors (3072K)
 Metaspace       used 105243K, committed 106496K, reserved 557056K
  class space    used 14682K, committed 15296K, reserved 425984K
GC Heap History (20 events):
Event: 61.940 GC heap before
{Heap before GC invocations=47 (full 0):
 garbage-first heap   total 174080K, used 145346K [0x0000000080000000, 0x0000000100000000)
  region size 1024K, 39 young (39936K), 6 survivors (6144K)
 Metaspace       used 94316K, committed 95296K, reserved 557056K
  class space    used 13241K, committed 13696K, reserved 425984K
}
Event: 61.947 GC heap after
{Heap after GC invocations=48 (full 0):
 garbage-first heap   total 174080K, used 119817K [0x0000000080000000, 0x0000000100000000)
  region size 1024K, 5 young (5120K), 5 survivors (5120K)
 Metaspace       used 94316K, committed 95296K, reserved 557056K
  class space    used 13241K, committed 13696K, reserved 425984K
}
Event: 62.374 GC heap before
{Heap before GC invocations=48 (full 0):
 garbage-first heap   total 174080K, used 146441K [0x0000000080000000, 0x0000000100000000)
  region size 1024K, 30 young (30720K), 5 survivors (5120K)
 Metaspace       used 94777K, committed 95744K, reserved 557056K
  class space    used 13296K, committed 13760K, reserved 425984K
}
Event: 62.381 GC heap after
{Heap after GC invocations=49 (full 0):
 garbage-first heap   total 277504K, used 130107K [0x0000000080000000, 0x0000000100000000)
  region size 1024K, 4 young (4096K), 4 survivors (4096K)
 Metaspace       used 94777K, committed 95744K, reserved 557056K
  class space    used 13296K, committed 13760K, reserved 425984K
}
Event: 63.318 GC heap before
{Heap before GC invocations=49 (full 0):
 garbage-first heap   total 277504K, used 197691K [0x0000000080000000, 0x0000000100000000)
  region size 1024K, 67 young (68608K), 4 survivors (4096K)
 Metaspace       used 95404K, committed 96512K, reserved 557056K
  class space    used 13363K, committed 13888K, reserved 425984K
}
Event: 63.327 GC heap after
{Heap after GC invocations=50 (full 0):
 garbage-first heap   total 277504K, used 149054K [0x0000000080000000, 0x0000000100000000)
  region size 1024K, 9 young (9216K), 9 survivors (9216K)
 Metaspace       used 95404K, committed 96512K, reserved 557056K
  class space    used 13363K, committed 13888K, reserved 425984K
}
Event: 63.853 GC heap before
{Heap before GC invocations=50 (full 0):
 garbage-first heap   total 277504K, used 205374K [0x0000000080000000, 0x0000000100000000)
  region size 1024K, 63 young (64512K), 9 survivors (9216K)
 Metaspace       used 97532K, committed 98560K, reserved 557056K
  class space    used 13658K, committed 14144K, reserved 425984K
}
Event: 63.860 GC heap after
{Heap after GC invocations=51 (full 0):
 garbage-first heap   total 277504K, used 158608K [0x0000000080000000, 0x0000000100000000)
  region size 1024K, 7 young (7168K), 7 survivors (7168K)
 Metaspace       used 97532K, committed 98560K, reserved 557056K
  class space    used 13658K, committed 14144K, reserved 425984K
}
Event: 64.479 GC heap before
{Heap before GC invocations=51 (full 0):
 garbage-first heap   total 277504K, used 210832K [0x0000000080000000, 0x0000000100000000)
  region size 1024K, 58 young (59392K), 7 survivors (7168K)
 Metaspace       used 101547K, committed 102656K, reserved 557056K
  class space    used 14205K, committed 14784K, reserved 425984K
}
Event: 64.487 GC heap after
{Heap after GC invocations=52 (full 0):
 garbage-first heap   total 277504K, used 164225K [0x0000000080000000, 0x0000000100000000)
  region size 1024K, 5 young (5120K), 5 survivors (5120K)
 Metaspace       used 101547K, committed 102656K, reserved 557056K
  class space    used 14205K, committed 14784K, reserved 425984K
}
Event: 64.951 GC heap before
{Heap before GC invocations=52 (full 0):
 garbage-first heap   total 277504K, used 216449K [0x0000000080000000, 0x0000000100000000)
  region size 1024K, 56 young (57344K), 5 survivors (5120K)
 Metaspace       used 103197K, committed 104384K, reserved 557056K
  class space    used 14410K, committed 14976K, reserved 425984K
}
Event: 64.960 GC heap after
{Heap after GC invocations=53 (full 0):
 garbage-first heap   total 277504K, used 170232K [0x0000000080000000, 0x0000000100000000)
  region size 1024K, 7 young (7168K), 7 survivors (7168K)
 Metaspace       used 103197K, committed 104384K, reserved 557056K
  class space    used 14410K, committed 14976K, reserved 425984K
}
Event: 65.337 GC heap before
{Heap before GC invocations=53 (full 0):
 garbage-first heap   total 277504K, used 220408K [0x0000000080000000, 0x0000000100000000)
  region size 1024K, 56 young (57344K), 7 survivors (7168K)
 Metaspace       used 103440K, committed 104576K, reserved 557056K
  class space    used 14412K, committed 14976K, reserved 425984K
}
Event: 65.345 GC heap after
{Heap after GC invocations=54 (full 0):
 garbage-first heap   total 277504K, used 175549K [0x0000000080000000, 0x0000000100000000)
  region size 1024K, 6 young (6144K), 6 survivors (6144K)
 Metaspace       used 103440K, committed 104576K, reserved 557056K
  class space    used 14412K, committed 14976K, reserved 425984K
}
Event: 65.672 GC heap before
{Heap before GC invocations=54 (full 0):
 garbage-first heap   total 277504K, used 223677K [0x0000000080000000, 0x0000000100000000)
  region size 1024K, 53 young (54272K), 6 survivors (6144K)
 Metaspace       used 104571K, committed 105728K, reserved 557056K
  class space    used 14622K, committed 15232K, reserved 425984K
}
Event: 65.679 GC heap after
{Heap after GC invocations=55 (full 0):
 garbage-first heap   total 277504K, used 180700K [0x0000000080000000, 0x0000000100000000)
  region size 1024K, 6 young (6144K), 6 survivors (6144K)
 Metaspace       used 104571K, committed 105728K, reserved 557056K
  class space    used 14622K, committed 15232K, reserved 425984K
}
Event: 65.967 GC heap before
{Heap before GC invocations=55 (full 0):
 garbage-first heap   total 277504K, used 225756K [0x0000000080000000, 0x0000000100000000)
  region size 1024K, 51 young (52224K), 6 survivors (6144K)
 Metaspace       used 104931K, committed 106176K, reserved 557056K
  class space    used 14629K, committed 15232K, reserved 425984K
}
Event: 65.972 GC heap after
{Heap after GC invocations=56 (full 0):
 garbage-first heap   total 277504K, used 182811K [0x0000000080000000, 0x0000000100000000)
  region size 1024K, 3 young (3072K), 3 survivors (3072K)
 Metaspace       used 104931K, committed 106176K, reserved 557056K
  class space    used 14629K, committed 15232K, reserved 425984K
}
Event: 66.268 GC heap before
{Heap before GC invocations=56 (full 0):
 garbage-first heap   total 277504K, used 228891K [0x0000000080000000, 0x0000000100000000)
  region size 1024K, 49 young (50176K), 3 survivors (3072K)
 Metaspace       used 105213K, committed 106432K, reserved 557056K
  class space    used 14681K, committed 15296K, reserved 425984K
}
Event: 66.274 GC heap after
{Heap after GC invocations=57 (full 0):
 garbage-first heap   total 277504K, used 187392K [0x0000000080000000, 0x0000000100000000)
  region size 1024K, 7 young (7168K), 7 survivors (7168K)
 Metaspace       used 105213K, committed 106432K, reserved 557056K
  class space    used 14681K, committed 15296K, reserved 425984K
}

