# JRE version: OpenJDK Runtime Environment Microsoft-8035246 (17.0.8+7) (build 17.0.8+7-LTS)
# Java VM: OpenJDK 64-Bit Server VM Microsoft-8035246 (17.0.8+7-LTS, mixed mode, sharing, tiered, compressed oops, compressed class ptrs, g1 gc, windows-amd64)
GC Precious Log:
 CPUs: 8 total, 8 available
 Memory: 16302M
 Large Page Support: Disabled
 NUMA Support: Disabled
 Compressed Oops: Enabled (32-bit)
 Heap Region Size: 1M
 Heap Min Capacity: 8M
 Heap Initial Capacity: 256M
 Heap Max Capacity: 2G
 Pre-touch: Disabled
 Parallel Workers: 8
 Concurrent Workers: 2
 Concurrent Refinement Workers: 8
 Periodic GC: Disabled
Heap:
 garbage-first heap   total 242688K, used 205321K [0x0000000080000000, 0x0000000100000000)
  region size 1024K, 19 young (19456K), 3 survivors (3072K)
 Metaspace       used 100054K, committed 101120K, reserved 557056K
  class space    used 14029K, committed 14528K, reserved 425984K
GC Heap History (20 events):
Event: 62.223 GC heap before
{Heap before GC invocations=60 (full 0):
 garbage-first heap   total 242688K, used 197953K [0x0000000080000000, 0x0000000100000000)
  region size 1024K, 43 young (44032K), 3 survivors (3072K)
 Metaspace       used 96805K, committed 97920K, reserved 557056K
  class space    used 13621K, committed 14144K, reserved 425984K
}
Event: 62.231 GC heap after
{Heap after GC invocations=61 (full 0):
 garbage-first heap   total 242688K, used 160768K [0x0000000080000000, 0x0000000100000000)
  region size 1024K, 6 young (6144K), 6 survivors (6144K)
 Metaspace       used 96805K, committed 97920K, reserved 557056K
  class space    used 13621K, committed 14144K, reserved 425984K
}
Event: 62.783 GC heap before
{Heap before GC invocations=61 (full 0):
 garbage-first heap   total 242688K, used 200704K [0x0000000080000000, 0x0000000100000000)
  region size 1024K, 45 young (46080K), 6 survivors (6144K)
 Metaspace       used 97962K, committed 99072K, reserved 557056K
  class space    used 13754K, committed 14272K, reserved 425984K
}
Event: 62.792 GC heap after
{Heap after GC invocations=62 (full 0):
 garbage-first heap   total 242688K, used 165930K [0x0000000080000000, 0x0000000100000000)
  region size 1024K, 6 young (6144K), 6 survivors (6144K)
 Metaspace       used 97962K, committed 99072K, reserved 557056K
  class space    used 13754K, committed 14272K, reserved 425984K
}
Event: 63.243 GC heap before
{Heap before GC invocations=62 (full 0):
 garbage-first heap   total 242688K, used 200746K [0x0000000080000000, 0x0000000100000000)
  region size 1024K, 40 young (40960K), 6 survivors (6144K)
 Metaspace       used 98143K, committed 99264K, reserved 557056K
  class space    used 13756K, committed 14272K, reserved 425984K
}
Event: 63.253 GC heap after
{Heap after GC invocations=63 (full 0):
 garbage-first heap   total 242688K, used 169490K [0x0000000080000000, 0x0000000100000000)
  region size 1024K, 4 young (4096K), 4 survivors (4096K)
 Metaspace       used 98143K, committed 99264K, reserved 557056K
  class space    used 13756K, committed 14272K, reserved 425984K
}
Event: 63.745 GC heap before
{Heap before GC invocations=63 (full 0):
 garbage-first heap   total 242688K, used 203282K [0x0000000080000000, 0x0000000100000000)
  region size 1024K, 37 young (37888K), 4 survivors (4096K)
 Metaspace       used 98504K, committed 99648K, reserved 557056K
  class space    used 13796K, committed 14336K, reserved 425984K
}
Event: 63.751 GC heap after
{Heap after GC invocations=64 (full 0):
 garbage-first heap   total 242688K, used 173275K [0x0000000080000000, 0x0000000100000000)
  region size 1024K, 4 young (4096K), 4 survivors (4096K)
 Metaspace       used 98504K, committed 99648K, reserved 557056K
  class space    used 13796K, committed 14336K, reserved 425984K
}
Event: 64.074 GC heap before
{Heap before GC invocations=64 (full 0):
 garbage-first heap   total 242688K, used 203995K [0x0000000080000000, 0x0000000100000000)
  region size 1024K, 35 young (35840K), 4 survivors (4096K)
 Metaspace       used 99359K, committed 100544K, reserved 557056K
  class space    used 13969K, committed 14528K, reserved 425984K
}
Event: 64.080 GC heap after
{Heap after GC invocations=65 (full 0):
 garbage-first heap   total 242688K, used 176396K [0x0000000080000000, 0x0000000100000000)
  region size 1024K, 4 young (4096K), 4 survivors (4096K)
 Metaspace       used 99359K, committed 100544K, reserved 557056K
  class space    used 13969K, committed 14528K, reserved 425984K
}
Event: 64.345 GC heap before
{Heap before GC invocations=65 (full 0):
 garbage-first heap   total 242688K, used 205068K [0x0000000080000000, 0x0000000100000000)
  region size 1024K, 33 young (33792K), 4 survivors (4096K)
 Metaspace       used 99601K, committed 100736K, reserved 557056K
  class space    used 13976K, committed 14528K, reserved 425984K
}
Event: 64.349 GC heap after
{Heap after GC invocations=66 (full 0):
 garbage-first heap   total 242688K, used 177890K [0x0000000080000000, 0x0000000100000000)
  region size 1024K, 2 young (2048K), 2 survivors (2048K)
 Metaspace       used 99601K, committed 100736K, reserved 557056K
  class space    used 13976K, committed 14528K, reserved 425984K
}
Event: 64.581 GC heap before
{Heap before GC invocations=66 (full 0):
 garbage-first heap   total 242688K, used 206562K [0x0000000080000000, 0x0000000100000000)
  region size 1024K, 31 young (31744K), 2 survivors (2048K)
 Metaspace       used 99850K, committed 100992K, reserved 557056K
  class space    used 14006K, committed 14528K, reserved 425984K
}
Event: 64.585 GC heap after
{Heap after GC invocations=67 (full 0):
 garbage-first heap   total 242688K, used 178776K [0x0000000080000000, 0x0000000100000000)
  region size 1024K, 3 young (3072K), 3 survivors (3072K)
 Metaspace       used 99850K, committed 100992K, reserved 557056K
  class space    used 14006K, committed 14528K, reserved 425984K
}
Event: 64.872 GC heap before
{Heap before GC invocations=67 (full 0):
 garbage-first heap   total 242688K, used 207448K [0x0000000080000000, 0x0000000100000000)
  region size 1024K, 32 young (32768K), 3 survivors (3072K)
 Metaspace       used 99994K, committed 101120K, reserved 557056K
  class space    used 14028K, committed 14528K, reserved 425984K
}
Event: 64.878 GC heap after
{Heap after GC invocations=68 (full 0):
 garbage-first heap   total 242688K, used 182971K [0x0000000080000000, 0x0000000100000000)
  region size 1024K, 4 young (4096K), 4 survivors (4096K)
 Metaspace       used 99994K, committed 101120K, reserved 557056K
  class space    used 14028K, committed 14528K, reserved 425984K
}
Event: 65.059 GC heap before
{Heap before GC invocations=68 (full 0):
 garbage-first heap   total 242688K, used 208571K [0x0000000080000000, 0x0000000100000000)
  region size 1024K, 30 young (30720K), 4 survivors (4096K)
 Metaspace       used 99998K, committed 101120K, reserved 557056K
  class space    used 14028K, committed 14528K, reserved 425984K
}
Event: 65.064 GC heap after
{Heap after GC invocations=69 (full 0):
 garbage-first heap   total 242688K, used 184810K [0x0000000080000000, 0x0000000100000000)
  region size 1024K, 2 young (2048K), 2 survivors (2048K)
 Metaspace       used 99998K, committed 101120K, reserved 557056K
  class space    used 14028K, committed 14528K, reserved 425984K
}
Event: 65.378 GC heap before
{Heap before GC invocations=69 (full 0):
 garbage-first heap   total 242688K, used 209386K [0x0000000080000000, 0x0000000100000000)
  region size 1024K, 27 young (27648K), 2 survivors (2048K)
 Metaspace       used 100025K, committed 101120K, reserved 557056K
  class space    used 14029K, committed 14528K, reserved 425984K
}
Event: 65.380 GC heap after
{Heap after GC invocations=70 (full 0):
 garbage-first heap   total 242688K, used 185865K [0x0000000080000000, 0x0000000100000000)
  region size 1024K, 3 young (3072K), 3 survivors (3072K)
 Metaspace       used 100025K, committed 101120K, reserved 557056K
  class space    used 14029K, committed 14528K, reserved 425984K
}

