# JRE version: OpenJDK Runtime Environment Microsoft-8035246 (17.0.8+7) (build 17.0.8+7-LTS)
# Java VM: OpenJDK 64-Bit Server VM Microsoft-8035246 (17.0.8+7-LTS, mixed mode, sharing, tiered, compressed oops, compressed class ptrs, g1 gc, windows-amd64)
GC Precious Log:
 CPUs: 12 total, 12 available
 Memory: 7502M
 Large Page Support: Disabled
 NUMA Support: Disabled
 Compressed Oops: Enabled (32-bit)
 Heap Region Size: 1M
 Heap Min Capacity: 8M
 Heap Initial Capacity: 118M
 Heap Max Capacity: 2G
 Pre-touch: Disabled
 Parallel Workers: 10
 Concurrent Workers: 3
 Concurrent Refinement Workers: 10
 Periodic GC: Disabled
Heap:
 garbage-first heap   total 358400K, used 226193K [0x0000000080000000, 0x0000000100000000)
  region size 1024K, 45 young (46080K), 14 survivors (14336K)
 Metaspace       used 100667K, committed 101824K, reserved 557056K
  class space    used 14133K, committed 14656K, reserved 425984K
GC Heap History (20 events):
Event: 54.279 GC heap before
{Heap before GC invocations=50 (full 0):
 garbage-first heap   total 179200K, used 99992K [0x0000000080000000, 0x0000000100000000)
  region size 1024K, 8 young (8192K), 3 survivors (3072K)
 Metaspace       used 83719K, committed 84544K, reserved 557056K
  class space    used 11846K, committed 12224K, reserved 425984K
}
Event: 54.287 GC heap after
{Heap after GC invocations=51 (full 0):
 garbage-first heap   total 179200K, used 94508K [0x0000000080000000, 0x0000000100000000)
  region size 1024K, 1 young (1024K), 1 survivors (1024K)
 Metaspace       used 83719K, committed 84544K, reserved 557056K
  class space    used 11846K, committed 12224K, reserved 425984K
}
Event: 55.075 GC heap before
{Heap before GC invocations=51 (full 0):
 garbage-first heap   total 179200K, used 145708K [0x0000000080000000, 0x0000000100000000)
  region size 1024K, 51 young (52224K), 1 survivors (1024K)
 Metaspace       used 86148K, committed 86912K, reserved 557056K
  class space    used 12184K, committed 12544K, reserved 425984K
}
Event: 55.084 GC heap after
{Heap after GC invocations=52 (full 0):
 garbage-first heap   total 179200K, used 98467K [0x0000000080000000, 0x0000000100000000)
  region size 1024K, 5 young (5120K), 5 survivors (5120K)
 Metaspace       used 86148K, committed 86912K, reserved 557056K
  class space    used 12184K, committed 12544K, reserved 425984K
}
Event: 55.965 GC heap before
{Heap before GC invocations=52 (full 0):
 garbage-first heap   total 179200K, used 146595K [0x0000000080000000, 0x0000000100000000)
  region size 1024K, 52 young (53248K), 5 survivors (5120K)
 Metaspace       used 88145K, committed 89024K, reserved 557056K
  class space    used 12499K, committed 12864K, reserved 425984K
}
Event: 55.981 GC heap after
{Heap after GC invocations=53 (full 0):
 garbage-first heap   total 179200K, used 104292K [0x0000000080000000, 0x0000000100000000)
  region size 1024K, 6 young (6144K), 6 survivors (6144K)
 Metaspace       used 88145K, committed 89024K, reserved 557056K
  class space    used 12499K, committed 12864K, reserved 425984K
}
Event: 57.232 GC heap before
{Heap before GC invocations=53 (full 0):
 garbage-first heap   total 179200K, used 147300K [0x0000000080000000, 0x0000000100000000)
  region size 1024K, 48 young (49152K), 6 survivors (6144K)
 Metaspace       used 89197K, committed 90176K, reserved 557056K
  class space    used 12616K, committed 13056K, reserved 425984K
}
Event: 57.245 GC heap after
{Heap after GC invocations=54 (full 0):
 garbage-first heap   total 358400K, used 112192K [0x0000000080000000, 0x0000000100000000)
  region size 1024K, 6 young (6144K), 6 survivors (6144K)
 Metaspace       used 89197K, committed 90176K, reserved 557056K
  class space    used 12616K, committed 13056K, reserved 425984K
}
Event: 62.104 GC heap before
{Heap before GC invocations=55 (full 0):
 garbage-first heap   total 358400K, used 278080K [0x0000000080000000, 0x0000000100000000)
  region size 1024K, 159 young (162816K), 6 survivors (6144K)
 Metaspace       used 91142K, committed 92224K, reserved 557056K
  class space    used 12847K, committed 13312K, reserved 425984K
}
Event: 62.181 GC heap after
{Heap after GC invocations=56 (full 0):
 garbage-first heap   total 358400K, used 157558K [0x0000000080000000, 0x0000000100000000)
  region size 1024K, 20 young (20480K), 20 survivors (20480K)
 Metaspace       used 91142K, committed 92224K, reserved 557056K
  class space    used 12847K, committed 13312K, reserved 425984K
}
Event: 62.213 GC heap before
{Heap before GC invocations=56 (full 0):
 garbage-first heap   total 358400K, used 158582K [0x0000000080000000, 0x0000000100000000)
  region size 1024K, 21 young (21504K), 20 survivors (20480K)
 Metaspace       used 91217K, committed 92288K, reserved 557056K
  class space    used 12854K, committed 13312K, reserved 425984K
}
Event: 62.233 GC heap after
{Heap after GC invocations=57 (full 0):
 garbage-first heap   total 358400K, used 160585K [0x0000000080000000, 0x0000000100000000)
  region size 1024K, 2 young (2048K), 2 survivors (2048K)
 Metaspace       used 91217K, committed 92288K, reserved 557056K
  class space    used 12854K, committed 13312K, reserved 425984K
}
Event: 64.925 GC heap before
{Heap before GC invocations=57 (full 0):
 garbage-first heap   total 358400K, used 261961K [0x0000000080000000, 0x0000000100000000)
  region size 1024K, 101 young (103424K), 2 survivors (2048K)
 Metaspace       used 97738K, committed 98880K, reserved 557056K
  class space    used 13745K, committed 14272K, reserved 425984K
}
Event: 64.947 GC heap after
{Heap after GC invocations=58 (full 0):
 garbage-first heap   total 358400K, used 167723K [0x0000000080000000, 0x0000000100000000)
  region size 1024K, 9 young (9216K), 9 survivors (9216K)
 Metaspace       used 97738K, committed 98880K, reserved 557056K
  class space    used 13745K, committed 14272K, reserved 425984K
}
Event: 66.413 GC heap before
{Heap before GC invocations=58 (full 0):
 garbage-first heap   total 358400K, used 271147K [0x0000000080000000, 0x0000000100000000)
  region size 1024K, 110 young (112640K), 9 survivors (9216K)
 Metaspace       used 98974K, committed 100160K, reserved 557056K
  class space    used 13873K, committed 14400K, reserved 425984K
}
Event: 66.437 GC heap after
{Heap after GC invocations=59 (full 0):
 garbage-first heap   total 358400K, used 177832K [0x0000000080000000, 0x0000000100000000)
  region size 1024K, 10 young (10240K), 10 survivors (10240K)
 Metaspace       used 98974K, committed 100160K, reserved 557056K
  class space    used 13873K, committed 14400K, reserved 425984K
}
Event: 67.799 GC heap before
{Heap before GC invocations=59 (full 0):
 garbage-first heap   total 358400K, used 279208K [0x0000000080000000, 0x0000000100000000)
  region size 1024K, 110 young (112640K), 10 survivors (10240K)
 Metaspace       used 100407K, committed 101632K, reserved 557056K
  class space    used 14110K, committed 14656K, reserved 425984K
}
Event: 67.820 GC heap after
{Heap after GC invocations=60 (full 0):
 garbage-first heap   total 358400K, used 186074K [0x0000000080000000, 0x0000000100000000)
  region size 1024K, 8 young (8192K), 8 survivors (8192K)
 Metaspace       used 100407K, committed 101632K, reserved 557056K
  class space    used 14110K, committed 14656K, reserved 425984K
}
Event: 69.319 GC heap before
{Heap before GC invocations=60 (full 0):
 garbage-first heap   total 358400K, used 286426K [0x0000000080000000, 0x0000000100000000)
  region size 1024K, 107 young (109568K), 8 survivors (8192K)
 Metaspace       used 100648K, committed 101824K, reserved 557056K
  class space    used 14133K, committed 14656K, reserved 425984K
}
Event: 69.331 GC heap after
{Heap after GC invocations=61 (full 0):
 garbage-first heap   total 358400K, used 192401K [0x0000000080000000, 0x0000000100000000)
  region size 1024K, 14 young (14336K), 14 survivors (14336K)
 Metaspace       used 100648K, committed 101824K, reserved 557056K
  class space    used 14133K, committed 14656K, reserved 425984K
}

