# JRE version: OpenJDK Runtime Environment Microsoft-8035246 (17.0.8+7) (build 17.0.8+7-LTS)
# Java VM: OpenJDK 64-Bit Server VM Microsoft-8035246 (17.0.8+7-LTS, mixed mode, sharing, tiered, compressed oops, compressed class ptrs, g1 gc, windows-amd64)
GC Precious Log:
 CPUs: 12 total, 12 available
 Memory: 7502M
 Large Page Support: Disabled
 NUMA Support: Disabled
 Compressed Oops: Enabled (32-bit)
 Heap Region Size: 1M
 Heap Min Capacity: 8M
 Heap Initial Capacity: 118M
 Heap Max Capacity: 2G
 Pre-touch: Disabled
 Parallel Workers: 10
 Concurrent Workers: 3
 Concurrent Refinement Workers: 10
 Periodic GC: Disabled
Heap:
 garbage-first heap   total 316416K, used 243881K [0x0000000080000000, 0x0000000100000000)
  region size 1024K, 60 young (61440K), 10 survivors (10240K)
 Metaspace       used 103169K, committed 104384K, reserved 557056K
  class space    used 14435K, committed 15040K, reserved 425984K
GC Heap History (20 events):
Event: 79.107 GC heap before
{Heap before GC invocations=50 (full 0):
 garbage-first heap   total 231424K, used 192920K [0x0000000080000000, 0x0000000100000000)
  region size 1024K, 31 young (31744K), 2 survivors (2048K)
 Metaspace       used 96613K, committed 97664K, reserved 557056K
  class space    used 13608K, committed 14080K, reserved 425984K
}
Event: 79.116 GC heap after
{Heap after GC invocations=51 (full 0):
 garbage-first heap   total 231424K, used 165737K [0x0000000080000000, 0x0000000100000000)
  region size 1024K, 4 young (4096K), 4 survivors (4096K)
 Metaspace       used 96613K, committed 97664K, reserved 557056K
  class space    used 13608K, committed 14080K, reserved 425984K
}
Event: 79.955 GC heap before
{Heap before GC invocations=51 (full 0):
 garbage-first heap   total 231424K, used 194409K [0x0000000080000000, 0x0000000100000000)
  region size 1024K, 32 young (32768K), 4 survivors (4096K)
 Metaspace       used 97557K, committed 98624K, reserved 557056K
  class space    used 13727K, committed 14208K, reserved 425984K
}
Event: 79.972 GC heap after
{Heap after GC invocations=52 (full 0):
 garbage-first heap   total 231424K, used 169825K [0x0000000080000000, 0x0000000100000000)
  region size 1024K, 4 young (4096K), 4 survivors (4096K)
 Metaspace       used 97557K, committed 98624K, reserved 557056K
  class space    used 13727K, committed 14208K, reserved 425984K
}
Event: 80.500 GC heap before
{Heap before GC invocations=52 (full 0):
 garbage-first heap   total 231424K, used 195425K [0x0000000080000000, 0x0000000100000000)
  region size 1024K, 29 young (29696K), 4 survivors (4096K)
 Metaspace       used 98282K, committed 99392K, reserved 557056K
  class space    used 13817K, committed 14336K, reserved 425984K
}
Event: 80.513 GC heap after
{Heap after GC invocations=53 (full 0):
 garbage-first heap   total 231424K, used 173811K [0x0000000080000000, 0x0000000100000000)
  region size 1024K, 4 young (4096K), 4 survivors (4096K)
 Metaspace       used 98282K, committed 99392K, reserved 557056K
  class space    used 13817K, committed 14336K, reserved 425984K
}
Event: 80.877 GC heap before
{Heap before GC invocations=53 (full 0):
 garbage-first heap   total 231424K, used 196339K [0x0000000080000000, 0x0000000100000000)
  region size 1024K, 26 young (26624K), 4 survivors (4096K)
 Metaspace       used 98508K, committed 99648K, reserved 557056K
  class space    used 13830K, committed 14336K, reserved 425984K
}
Event: 80.884 GC heap after
{Heap after GC invocations=54 (full 0):
 garbage-first heap   total 231424K, used 176351K [0x0000000080000000, 0x0000000100000000)
  region size 1024K, 3 young (3072K), 3 survivors (3072K)
 Metaspace       used 98508K, committed 99648K, reserved 557056K
  class space    used 13830K, committed 14336K, reserved 425984K
}
Event: 81.229 GC heap before
{Heap before GC invocations=54 (full 0):
 garbage-first heap   total 231424K, used 198879K [0x0000000080000000, 0x0000000100000000)
  region size 1024K, 25 young (25600K), 3 survivors (3072K)
 Metaspace       used 98604K, committed 99712K, reserved 557056K
  class space    used 13830K, committed 14336K, reserved 425984K
}
Event: 81.236 GC heap after
{Heap after GC invocations=55 (full 0):
 garbage-first heap   total 231424K, used 178516K [0x0000000080000000, 0x0000000100000000)
  region size 1024K, 3 young (3072K), 3 survivors (3072K)
 Metaspace       used 98604K, committed 99712K, reserved 557056K
  class space    used 13830K, committed 14336K, reserved 425984K
}
Event: 81.581 GC heap before
{Heap before GC invocations=55 (full 0):
 garbage-first heap   total 231424K, used 198996K [0x0000000080000000, 0x0000000100000000)
  region size 1024K, 23 young (23552K), 3 survivors (3072K)
 Metaspace       used 98667K, committed 99776K, reserved 557056K
  class space    used 13831K, committed 14336K, reserved 425984K
}
Event: 81.589 GC heap after
{Heap after GC invocations=56 (full 0):
 garbage-first heap   total 278528K, used 180190K [0x0000000080000000, 0x0000000100000000)
  region size 1024K, 2 young (2048K), 2 survivors (2048K)
 Metaspace       used 98667K, committed 99776K, reserved 557056K
  class space    used 13831K, committed 14336K, reserved 425984K
}
Event: 82.395 GC heap before
{Heap before GC invocations=57 (full 0):
 garbage-first heap   total 316416K, used 228318K [0x0000000080000000, 0x0000000100000000)
  region size 1024K, 49 young (50176K), 2 survivors (2048K)
 Metaspace       used 99831K, committed 100992K, reserved 557056K
  class space    used 14087K, committed 14656K, reserved 425984K
}
Event: 82.407 GC heap after
{Heap after GC invocations=58 (full 0):
 garbage-first heap   total 316416K, used 185394K [0x0000000080000000, 0x0000000100000000)
  region size 1024K, 7 young (7168K), 7 survivors (7168K)
 Metaspace       used 99831K, committed 100992K, reserved 557056K
  class space    used 14087K, committed 14656K, reserved 425984K
}
Event: 82.482 GC heap before
{Heap before GC invocations=58 (full 0):
 garbage-first heap   total 316416K, used 192562K [0x0000000080000000, 0x0000000100000000)
  region size 1024K, 15 young (15360K), 7 survivors (7168K)
 Metaspace       used 99879K, committed 101056K, reserved 557056K
  class space    used 14088K, committed 14656K, reserved 425984K
}
Event: 82.491 GC heap after
{Heap after GC invocations=59 (full 0):
 garbage-first heap   total 316416K, used 184331K [0x0000000080000000, 0x0000000100000000)
  region size 1024K, 2 young (2048K), 2 survivors (2048K)
 Metaspace       used 99879K, committed 101056K, reserved 557056K
  class space    used 14088K, committed 14656K, reserved 425984K
}
Event: 83.635 GC heap before
{Heap before GC invocations=59 (full 0):
 garbage-first heap   total 316416K, used 262155K [0x0000000080000000, 0x0000000100000000)
  region size 1024K, 74 young (75776K), 2 survivors (2048K)
 Metaspace       used 101321K, committed 102464K, reserved 557056K
  class space    used 14202K, committed 14720K, reserved 425984K
}
Event: 83.644 GC heap after
{Heap after GC invocations=60 (full 0):
 garbage-first heap   total 316416K, used 187339K [0x0000000080000000, 0x0000000100000000)
  region size 1024K, 5 young (5120K), 5 survivors (5120K)
 Metaspace       used 101321K, committed 102464K, reserved 557056K
  class space    used 14202K, committed 14720K, reserved 425984K
}
Event: 84.657 GC heap before
{Heap before GC invocations=60 (full 0):
 garbage-first heap   total 316416K, used 260043K [0x0000000080000000, 0x0000000100000000)
  region size 1024K, 77 young (78848K), 5 survivors (5120K)
 Metaspace       used 103066K, committed 104320K, reserved 557056K
  class space    used 14435K, committed 15040K, reserved 425984K
}
Event: 84.669 GC heap after
{Heap after GC invocations=61 (full 0):
 garbage-first heap   total 316416K, used 193705K [0x0000000080000000, 0x0000000100000000)
  region size 1024K, 10 young (10240K), 10 survivors (10240K)
 Metaspace       used 103066K, committed 104320K, reserved 557056K
  class space    used 14435K, committed 15040K, reserved 425984K
}

