# JRE version: OpenJDK Runtime Environment Microsoft-8035246 (17.0.8+7) (build 17.0.8+7-LTS)
# Java VM: OpenJDK 64-Bit Server VM Microsoft-8035246 (17.0.8+7-LTS, mixed mode, sharing, tiered, compressed oops, compressed class ptrs, g1 gc, windows-amd64)
GC Precious Log:
 CPUs: 8 total, 8 available
 Memory: 16302M
 Large Page Support: Disabled
 NUMA Support: Disabled
 Compressed Oops: Enabled (32-bit)
 Heap Region Size: 1M
 Heap Min Capacity: 8M
 Heap Initial Capacity: 256M
 Heap Max Capacity: 2G
 Pre-touch: Disabled
 Parallel Workers: 8
 Concurrent Workers: 2
 Concurrent Refinement Workers: 8
 Periodic GC: Disabled
Heap:
 garbage-first heap   total 270336K, used 222102K [0x0000000080000000, 0x0000000100000000)
  region size 1024K, 52 young (53248K), 7 survivors (7168K)
 Metaspace       used 99828K, committed 100928K, reserved 557056K
  class space    used 14006K, committed 14528K, reserved 425984K
GC Heap History (20 events):
Event: 23.211 GC heap before
{Heap before GC invocations=25 (full 0):
 garbage-first heap   total 163840K, used 136596K [0x0000000080000000, 0x0000000100000000)
  region size 1024K, 49 young (50176K), 5 survivors (5120K)
 Metaspace       used 84875K, committed 85632K, reserved 557056K
  class space    used 11988K, committed 12352K, reserved 425984K
}
Event: 23.216 GC heap after
{Heap after GC invocations=26 (full 0):
 garbage-first heap   total 163840K, used 93818K [0x0000000080000000, 0x0000000100000000)
  region size 1024K, 4 young (4096K), 4 survivors (4096K)
 Metaspace       used 84875K, committed 85632K, reserved 557056K
  class space    used 11988K, committed 12352K, reserved 425984K
}
Event: 23.546 GC heap before
{Heap before GC invocations=26 (full 0):
 garbage-first heap   total 163840K, used 137850K [0x0000000080000000, 0x0000000100000000)
  region size 1024K, 47 young (48128K), 4 survivors (4096K)
 Metaspace       used 86608K, committed 87424K, reserved 557056K
  class space    used 12224K, committed 12608K, reserved 425984K
}
Event: 23.552 GC heap after
{Heap after GC invocations=27 (full 0):
 garbage-first heap   total 163840K, used 97497K [0x0000000080000000, 0x0000000100000000)
  region size 1024K, 6 young (6144K), 6 survivors (6144K)
 Metaspace       used 86608K, committed 87424K, reserved 557056K
  class space    used 12224K, committed 12608K, reserved 425984K
}
Event: 23.956 GC heap before
{Heap before GC invocations=27 (full 0):
 garbage-first heap   total 163840K, used 136409K [0x0000000080000000, 0x0000000100000000)
  region size 1024K, 44 young (45056K), 6 survivors (6144K)
 Metaspace       used 88323K, committed 89216K, reserved 557056K
  class space    used 12526K, committed 12928K, reserved 425984K
}
Event: 23.964 GC heap after
{Heap after GC invocations=28 (full 0):
 garbage-first heap   total 270336K, used 103071K [0x0000000080000000, 0x0000000100000000)
  region size 1024K, 6 young (6144K), 6 survivors (6144K)
 Metaspace       used 88323K, committed 89216K, reserved 557056K
  class space    used 12526K, committed 12928K, reserved 425984K
}
Event: 25.231 GC heap before
{Heap before GC invocations=28 (full 0):
 garbage-first heap   total 270336K, used 218783K [0x0000000080000000, 0x0000000100000000)
  region size 1024K, 112 young (114688K), 6 survivors (6144K)
 Metaspace       used 89761K, committed 90752K, reserved 557056K
  class space    used 12661K, committed 13120K, reserved 425984K
}
Event: 25.243 GC heap after
{Heap after GC invocations=29 (full 0):
 garbage-first heap   total 270336K, used 137018K [0x0000000080000000, 0x0000000100000000)
  region size 1024K, 14 young (14336K), 14 survivors (14336K)
 Metaspace       used 89761K, committed 90752K, reserved 557056K
  class space    used 12661K, committed 13120K, reserved 425984K
}
Event: 25.921 GC heap before
{Heap before GC invocations=29 (full 0):
 garbage-first heap   total 270336K, used 210746K [0x0000000080000000, 0x0000000100000000)
  region size 1024K, 84 young (86016K), 14 survivors (14336K)
 Metaspace       used 91973K, committed 92928K, reserved 557056K
  class space    used 12968K, committed 13440K, reserved 425984K
}
Event: 25.933 GC heap after
{Heap after GC invocations=30 (full 0):
 garbage-first heap   total 270336K, used 150274K [0x0000000080000000, 0x0000000100000000)
  region size 1024K, 11 young (11264K), 11 survivors (11264K)
 Metaspace       used 91973K, committed 92928K, reserved 557056K
  class space    used 12968K, committed 13440K, reserved 425984K
}
Event: 26.637 GC heap before
{Heap before GC invocations=30 (full 0):
 garbage-first heap   total 270336K, used 213762K [0x0000000080000000, 0x0000000100000000)
  region size 1024K, 73 young (74752K), 11 survivors (11264K)
 Metaspace       used 96618K, committed 97600K, reserved 557056K
  class space    used 13606K, committed 14080K, reserved 425984K
}
Event: 26.648 GC heap after
{Heap after GC invocations=31 (full 0):
 garbage-first heap   total 270336K, used 155940K [0x0000000080000000, 0x0000000100000000)
  region size 1024K, 6 young (6144K), 6 survivors (6144K)
 Metaspace       used 96618K, committed 97600K, reserved 557056K
  class space    used 13606K, committed 14080K, reserved 425984K
}
Event: 27.247 GC heap before
{Heap before GC invocations=31 (full 0):
 garbage-first heap   total 270336K, used 218404K [0x0000000080000000, 0x0000000100000000)
  region size 1024K, 67 young (68608K), 6 survivors (6144K)
 Metaspace       used 97908K, committed 98880K, reserved 557056K
  class space    used 13740K, committed 14208K, reserved 425984K
}
Event: 27.258 GC heap after
{Heap after GC invocations=32 (full 0):
 garbage-first heap   total 270336K, used 164135K [0x0000000080000000, 0x0000000100000000)
  region size 1024K, 9 young (9216K), 9 survivors (9216K)
 Metaspace       used 97908K, committed 98880K, reserved 557056K
  class space    used 13740K, committed 14208K, reserved 425984K
}
Event: 27.735 GC heap before
{Heap before GC invocations=32 (full 0):
 garbage-first heap   total 270336K, used 219431K [0x0000000080000000, 0x0000000100000000)
  region size 1024K, 63 young (64512K), 9 survivors (9216K)
 Metaspace       used 98632K, committed 99776K, reserved 557056K
  class space    used 13818K, committed 14336K, reserved 425984K
}
Event: 27.747 GC heap after
{Heap after GC invocations=33 (full 0):
 garbage-first heap   total 270336K, used 170493K [0x0000000080000000, 0x0000000100000000)
  region size 1024K, 7 young (7168K), 7 survivors (7168K)
 Metaspace       used 98632K, committed 99776K, reserved 557056K
  class space    used 13818K, committed 14336K, reserved 425984K
}
Event: 28.128 GC heap before
{Heap before GC invocations=33 (full 0):
 garbage-first heap   total 270336K, used 221693K [0x0000000080000000, 0x0000000100000000)
  region size 1024K, 58 young (59392K), 7 survivors (7168K)
 Metaspace       used 99519K, committed 100608K, reserved 557056K
  class space    used 13958K, committed 14464K, reserved 425984K
}
Event: 28.134 GC heap after
{Heap after GC invocations=34 (full 0):
 garbage-first heap   total 270336K, used 172660K [0x0000000080000000, 0x0000000100000000)
  region size 1024K, 3 young (3072K), 3 survivors (3072K)
 Metaspace       used 99519K, committed 100608K, reserved 557056K
  class space    used 13958K, committed 14464K, reserved 425984K
}
Event: 28.485 GC heap before
{Heap before GC invocations=34 (full 0):
 garbage-first heap   total 270336K, used 224884K [0x0000000080000000, 0x0000000100000000)
  region size 1024K, 55 young (56320K), 3 survivors (3072K)
 Metaspace       used 99820K, committed 100928K, reserved 557056K
  class space    used 14005K, committed 14528K, reserved 425984K
}
Event: 28.495 GC heap after
{Heap after GC invocations=35 (full 0):
 garbage-first heap   total 270336K, used 178070K [0x0000000080000000, 0x0000000100000000)
  region size 1024K, 7 young (7168K), 7 survivors (7168K)
 Metaspace       used 99820K, committed 100928K, reserved 557056K
  class space    used 14005K, committed 14528K, reserved 425984K
}

